Flow report for ariane_cyclone
Thu Sep 26 16:55:24 2024
Quartus Prime Version 24.2.0 Build 40 06/27/2024 SC Pro Edition


---------------------
; Table of Contents ;
---------------------
  1. Legal Notice
  2. Flow Summary
  3. Flow Settings
  4. Flow Non-Default Global Settings
  5. Flow Elapsed Time
  6. Flow OS Summary
  7. Flow Log



----------------
; Legal Notice ;
----------------
Copyright (C) 2024  Intel Corporation. All rights reserved.
Your use of Intel Corporation's design tools, logic functions 
and other software and tools, and any partner logic 
functions, and any output files from any of the foregoing 
(including device programming or simulation files), and any 
associated documentation or information are expressly subject 
to the terms and conditions of the Intel Program License 
Subscription Agreement, the Intel Quartus Prime License Agreement,
the Intel FPGA IP License Agreement, or other applicable license
agreement, including, without limitation, that your use is for
the sole purpose of programming logic devices manufactured by
Intel and sold by Intel or its authorized distributors.  Please
refer to the Intel FPGA Software License Subscription Agreements 
on the Quartus Prime software download page.



+-----------------------------------------------------------+
; Flow Summary                                              ;
+-------------+---------------------------------------------+
; Flow Status ; Synthesis Failed - Thu Sep 26 16:55:24 2024 ;
+-------------+---------------------------------------------+


+-----------------------------------------+
; Flow Settings                           ;
+-------------------+---------------------+
; Option            ; Setting             ;
+-------------------+---------------------+
; Start date & time ; 09/26/2024 16:55:17 ;
; Main task         ; Compilation         ;
; Revision Name     ; ariane_cyclone      ;
+-------------------+---------------------+


+--------------------------------------------------------------------------------------------------------------------------------------+
; Flow Non-Default Global Settings                                                                                                     ;
+----------------------------+--------------------------------------------+-----------------------------+-------------+----------------+
; Assignment Name            ; Value                                      ; Default Value               ; Entity Name ; Section Id     ;
+----------------------------+--------------------------------------------+-----------------------------+-------------+----------------+
; EDA_OUTPUT_DATA_FORMAT     ; Verilog Hdl                                ; --                          ; --          ; eda_simulation ;
; EDA_SIMULATION_TOOL        ; ModelSim-Altera (Verilog)                  ; Questa Intel FPGA (Verilog) ; --          ; --             ;
; EDA_TIME_SCALE             ; 1 ps                                       ; --                          ; --          ; eda_simulation ;
; MAX_CORE_JUNCTION_TEMP     ; 100                                        ; --                          ; --          ; --             ;
; MIN_CORE_JUNCTION_TEMP     ; 0                                          ; --                          ; --          ; --             ;
; POWER_APPLY_THERMAL_MARGIN ; ADDITIONAL                                 ; Off                         ; --          ; --             ;
; PROJECT_OUTPUT_DIRECTORY   ; output_files                               ; --                          ; --          ; --             ;
; SEARCH_PATH                ; core/include/                              ; --                          ; --          ; --             ;
; SEARCH_PATH                ; vendor/pulp-platform/common_cells/include/ ; --                          ; --          ; --             ;
; SEARCH_PATH                ; vendor/pulp-platform/common_cells/src/     ; --                          ; --          ; --             ;
; SEARCH_PATH                ; vendor/pulp-platform/axi/include/          ; --                          ; --          ; --             ;
; SEARCH_PATH                ; core/cache_subsystem/hpdcache/rtl/include  ; --                          ; --          ; --             ;
; TOP_LEVEL_ENTITY           ; ariane_altera                              ; ariane_cyclone              ; --          ; --             ;
+----------------------------+--------------------------------------------+-----------------------------+-------------+----------------+


+--------------------------------------------------+
; Flow Elapsed Time                                ;
+-------------+--------------+---------------------+
; Module Name ; Elapsed Time ; Peak Virtual Memory ;
+-------------+--------------+---------------------+
; Synthesis   ; 00:00:08     ; 1476 MB             ;
; Total       ; 00:00:08     ; --                  ;
+-------------+--------------+---------------------+


+-----------------------------------------------------------------------------------------------------+
; Flow OS Summary                                                                                     ;
+-------------+-----------------------+---------------------------------+------------+----------------+
; Module Name ; Machine Hostname      ; OS Name                         ; OS Version ; Processor type ;
+-------------+-----------------------+---------------------------------+------------+----------------+
; Synthesis   ; capc-cl1-1.msucap.com ; Red Hat Enterprise Linux Server ; 7          ; x86_64         ;
+-------------+-----------------------+---------------------------------+------------+----------------+


------------
; Flow Log ;
------------
quartus_syn --read_settings_files=on --write_settings_files=off ariane_cyclone -c ariane_cyclone --quick_elab



